{"/opt/projects/js-course-env/src/index.js": {"path":"/opt/projects/js-course-env/src/index.js","statementMap":{},"fnMap":{},"branchMap":{},"s":{},"f":{},"b":{}}
,"/opt/projects/js-course-env/src/js/app.js": {"path":"/opt/projects/js-course-env/src/js/app.js","statementMap":{"0":{"start":{"line":3,"column":15},"end":{"line":3,"column":46}},"1":{"start":{"line":4,"column":16},"end":{"line":9,"column":2}},"2":{"start":{"line":7,"column":4},"end":{"line":7,"column":32}},"3":{"start":{"line":11,"column":0},"end":{"line":13,"column":2}}},"fnMap":{"0":{"name":"(anonymous_0)","decl":{"start":{"line":6,"column":11},"end":{"line":6,"column":12}},"loc":{"start":{"line":6,"column":17},"end":{"line":8,"column":3}},"line":6}},"branchMap":{},"s":{"0":0,"1":0,"2":0,"3":0},"f":{"0":0},"b":{}}
,"/opt/projects/js-course-env/src/js/lib.js": {"path":"/opt/projects/js-course-env/src/js/lib.js","statementMap":{"0":{"start":{"line":2,"column":17},"end":{"line":27,"column":1}},"1":{"start":{"line":3,"column":2},"end":{"line":5,"column":3}},"2":{"start":{"line":4,"column":4},"end":{"line":4,"column":49}},"3":{"start":{"line":7,"column":2},"end":{"line":9,"column":3}},"4":{"start":{"line":8,"column":4},"end":{"line":8,"column":48}},"5":{"start":{"line":11,"column":2},"end":{"line":13,"column":3}},"6":{"start":{"line":12,"column":4},"end":{"line":12,"column":55}},"7":{"start":{"line":15,"column":2},"end":{"line":17,"column":3}},"8":{"start":{"line":16,"column":4},"end":{"line":16,"column":53}},"9":{"start":{"line":20,"column":18},"end":{"line":20,"column":19}},"10":{"start":{"line":21,"column":17},"end":{"line":21,"column":53}},"11":{"start":{"line":22,"column":16},"end":{"line":22,"column":21}},"12":{"start":{"line":23,"column":2},"end":{"line":25,"column":3}},"13":{"start":{"line":24,"column":4},"end":{"line":24,"column":17}},"14":{"start":{"line":26,"column":2},"end":{"line":26,"column":16}}},"fnMap":{"0":{"name":"(anonymous_0)","decl":{"start":{"line":2,"column":17},"end":{"line":2,"column":18}},"loc":{"start":{"line":2,"column":29},"end":{"line":27,"column":1}},"line":2}},"branchMap":{"0":{"loc":{"start":{"line":3,"column":2},"end":{"line":5,"column":3}},"type":"if","locations":[{"start":{"line":3,"column":2},"end":{"line":5,"column":3}},{"start":{},"end":{}}],"line":3},"1":{"loc":{"start":{"line":7,"column":2},"end":{"line":9,"column":3}},"type":"if","locations":[{"start":{"line":7,"column":2},"end":{"line":9,"column":3}},{"start":{},"end":{}}],"line":7},"2":{"loc":{"start":{"line":11,"column":2},"end":{"line":13,"column":3}},"type":"if","locations":[{"start":{"line":11,"column":2},"end":{"line":13,"column":3}},{"start":{},"end":{}}],"line":11},"3":{"loc":{"start":{"line":15,"column":2},"end":{"line":17,"column":3}},"type":"if","locations":[{"start":{"line":15,"column":2},"end":{"line":17,"column":3}},{"start":{},"end":{}}],"line":15},"4":{"loc":{"start":{"line":23,"column":2},"end":{"line":25,"column":3}},"type":"if","locations":[{"start":{"line":23,"column":2},"end":{"line":25,"column":3}},{"start":{},"end":{}}],"line":23}},"s":{"0":1,"1":3,"2":0,"3":3,"4":1,"5":2,"6":0,"7":2,"8":0,"9":2,"10":2,"11":2,"12":2,"13":1,"14":1},"f":{"0":3},"b":{"0":[0,3],"1":[1,2],"2":[0,2],"3":[0,2],"4":[1,1]},"_coverageSchema":"1a1c01bbd47fc00a2c39e90264f33305004495a9","hash":"2a44a9c38c6aed45905ace6bcf92bde1534d4164"}
,"/opt/projects/js-course-env/src/js/components/Alert/Alert.js": {"path":"/opt/projects/js-course-env/src/js/components/Alert/Alert.js","statementMap":{"0":{"start":{"line":1,"column":17},"end":{"line":1,"column":51}},"1":{"start":{"line":2,"column":0},"end":{"line":8,"column":2}},"2":{"start":{"line":10,"column":20},"end":{"line":27,"column":1}},"3":{"start":{"line":15,"column":13},"end":{"line":15,"column":45}},"4":{"start":{"line":16,"column":20},"end":{"line":16,"column":59}},"5":{"start":{"line":17,"column":18},"end":{"line":17,"column":55}},"6":{"start":{"line":18,"column":18},"end":{"line":18,"column":59}},"7":{"start":{"line":20,"column":2},"end":{"line":20,"column":34}},"8":{"start":{"line":21,"column":2},"end":{"line":21,"column":22}},"9":{"start":{"line":22,"column":2},"end":{"line":24,"column":3}},"10":{"start":{"line":23,"column":4},"end":{"line":23,"column":47}},"11":{"start":{"line":26,"column":2},"end":{"line":26,"column":12}}},"fnMap":{"0":{"name":"(anonymous_0)","decl":{"start":{"line":10,"column":20},"end":{"line":10,"column":21}},"loc":{"start":{"line":14,"column":11},"end":{"line":27,"column":1}},"line":14}},"branchMap":{"0":{"loc":{"start":{"line":10,"column":21},"end":{"line":14,"column":6}},"type":"default-arg","locations":[{"start":{"line":14,"column":4},"end":{"line":14,"column":6}}],"line":10},"1":{"loc":{"start":{"line":11,"column":2},"end":{"line":11,"column":14}},"type":"default-arg","locations":[{"start":{"line":11,"column":12},"end":{"line":11,"column":14}}],"line":11},"2":{"loc":{"start":{"line":12,"column":2},"end":{"line":12,"column":21}},"type":"default-arg","locations":[{"start":{"line":12,"column":10},"end":{"line":12,"column":21}}],"line":12},"3":{"loc":{"start":{"line":22,"column":2},"end":{"line":24,"column":3}},"type":"if","locations":[{"start":{"line":22,"column":2},"end":{"line":24,"column":3}},{"start":{},"end":{}}],"line":22}},"s":{"0":1,"1":1,"2":1,"3":3,"4":3,"5":3,"6":3,"7":3,"8":3,"9":3,"10":1,"11":3},"f":{"0":3},"b":{"0":[1],"1":[2],"2":[2],"3":[1,2]},"_coverageSchema":"1a1c01bbd47fc00a2c39e90264f33305004495a9","hash":"3ba7d599133f0d539c1159495fa841ee2d0559b5"}
,"/opt/projects/js-course-env/src/js/components/Alert/Alert.stories.js": {"path":"/opt/projects/js-course-env/src/js/components/Alert/Alert.stories.js","statementMap":{"0":{"start":{"line":18,"column":17},"end":{"line":18,"column":44}},"1":{"start":{"line":18,"column":27},"end":{"line":18,"column":44}},"2":{"start":{"line":20,"column":23},"end":{"line":20,"column":40}},"3":{"start":{"line":21,"column":0},"end":{"line":21,"column":18}},"4":{"start":{"line":23,"column":22},"end":{"line":23,"column":39}},"5":{"start":{"line":24,"column":0},"end":{"line":27,"column":2}}},"fnMap":{"0":{"name":"(anonymous_0)","decl":{"start":{"line":18,"column":17},"end":{"line":18,"column":18}},"loc":{"start":{"line":18,"column":27},"end":{"line":18,"column":44}},"line":18}},"branchMap":{},"s":{"0":0,"1":0,"2":0,"3":0,"4":0,"5":0},"f":{"0":0},"b":{}}
,"/opt/projects/js-course-env/src/js/components/Alert/index.js": {"path":"/opt/projects/js-course-env/src/js/components/Alert/index.js","statementMap":{},"fnMap":{},"branchMap":{},"s":{},"f":{},"b":{},"_coverageSchema":"1a1c01bbd47fc00a2c39e90264f33305004495a9","hash":"0ff20f55904afb8c28254c7ba2b508a96ed5fc2f"}
}
