TN:
SF:src/index.js
FNF:0
FNH:0
LF:0
LH:0
BRF:0
BRH:0
end_of_record
TN:
SF:src/js/app.js
FNF:0
FNH:0
DA:4,0
DA:6,0
DA:7,0
LF:3
LH:0
BRF:0
BRH:0
end_of_record
TN:
SF:src/js/lib.js
FN:2,(anonymous_0)
FNF:1
FNH:1
FNDA:3,(anonymous_0)
DA:2,1
DA:3,3
DA:4,0
DA:7,3
DA:8,1
DA:11,2
DA:12,0
DA:15,2
DA:16,0
DA:20,2
DA:21,2
DA:22,2
DA:23,2
DA:24,1
DA:26,1
LF:15
LH:12
BRDA:3,0,0,0
BRDA:3,0,1,3
BRDA:7,1,0,1
BRDA:7,1,1,2
BRDA:11,2,0,0
BRDA:11,2,1,2
BRDA:15,3,0,0
BRDA:15,3,1,2
BRDA:23,4,0,1
BRDA:23,4,1,1
BRF:10
BRH:7
end_of_record
TN:
SF:src/js/components/Alert.js
FN:10,(anonymous_0)
FN:22,(anonymous_1)
FNF:2
FNH:2
FNDA:3,(anonymous_0)
FNDA:1,(anonymous_1)
DA:1,1
DA:2,1
DA:10,1
DA:14,3
DA:15,3
DA:16,3
DA:17,3
DA:18,3
DA:20,3
DA:21,3
DA:22,3
DA:23,1
DA:26,3
LF:13
LH:13
BRDA:10,0,0,2
BRDA:11,1,0,2
BRDA:12,2,0,2
BRF:3
BRH:3
end_of_record
